Using pre-set license
Built from '2021.3/staging' branch; Version is '2021.3.22f1 (b6c551784ba3) revision 11978065'; Using compiler version '192829333'; Build Type 'Release'
OS: 'Windows 7  (6.1.0) 64bit Ultimate' Language: 'en' Physical Memory: 3994 MB
BatchMode: 1, IsHumanControllingUs: 0, StartBugReporterOnCrash: 0, Is64bit: 1, IsPro: 1

COMMAND LINE ARGUMENTS:
D:\RISHU\Unity\2021.3.22f1\Editor\Unity.exe
-adb2
-batchMode
-noUpm
-name
AssetImportWorker1
-projectPath
D:/RISHU/bizzAR/animesh
-logFile
Logs/AssetImportWorker1.log
-srvPort
1954
Successfully changed project path to: D:/RISHU/bizzAR/animesh
D:/RISHU/bizzAR/animesh
[UnityMemory] Configuration Parameters - Can be set up in boot.config
    "memorysetup-bucket-allocator-granularity=16"
    "memorysetup-bucket-allocator-bucket-count=8"
    "memorysetup-bucket-allocator-block-size=33554432"
    "memorysetup-bucket-allocator-block-count=8"
    "memorysetup-main-allocator-block-size=16777216"
    "memorysetup-thread-allocator-block-size=16777216"
    "memorysetup-gfx-main-allocator-block-size=16777216"
    "memorysetup-gfx-thread-allocator-block-size=16777216"
    "memorysetup-cache-allocator-block-size=4194304"
    "memorysetup-typetree-allocator-block-size=2097152"
    "memorysetup-profiler-bucket-allocator-granularity=16"
    "memorysetup-profiler-bucket-allocator-bucket-count=8"
    "memorysetup-profiler-bucket-allocator-block-size=33554432"
    "memorysetup-profiler-bucket-allocator-block-count=8"
    "memorysetup-profiler-allocator-block-size=16777216"
    "memorysetup-profiler-editor-allocator-block-size=1048576"
    "memorysetup-temp-allocator-size-main=16777216"
    "memorysetup-job-temp-allocator-block-size=2097152"
    "memorysetup-job-temp-allocator-block-size-background=1048576"
    "memorysetup-job-temp-allocator-reduction-small-platforms=262144"
    "memorysetup-temp-allocator-size-background-worker=32768"
    "memorysetup-temp-allocator-size-job-worker=262144"
    "memorysetup-temp-allocator-size-preload-manager=33554432"
    "memorysetup-temp-allocator-size-nav-mesh-worker=65536"
    "memorysetup-temp-allocator-size-audio-worker=65536"
    "memorysetup-temp-allocator-size-cloud-worker=32768"
    "memorysetup-temp-allocator-size-gi-baking-worker=262144"
    "memorysetup-temp-allocator-size-gfx=262144"
Player connection [7260] Host "[IP] 192.168.73.148 [Port] 0 [Flags] 2 [Guid] 1982756535 [EditorId] 1982756535 [Version] 1048832 [Id] WindowsEditor(7,OEM-PC) [Debug] 1 [PackageName] WindowsEditor [ProjectName] Editor" joined multi-casting on [225.0.0.222:54997]...

Player connection [7260] Host "[IP] 192.168.73.148 [Port] 0 [Flags] 2 [Guid] 1982756535 [EditorId] 1982756535 [Version] 1048832 [Id] WindowsEditor(7,OEM-PC) [Debug] 1 [PackageName] WindowsEditor [ProjectName] Editor" joined alternative multi-casting on [225.0.0.222:34997]...

Refreshing native plugins compatible for Editor in 269.54 ms, found 6 plugins.
Plugins: Failed to load 'D:/RISHU/bizzAR/animesh/Library/PackageCache/com.ptc.vuforia.engine@778cd30f6ecb/Vuforia/Plugins/Windows/x64/FileDriver.dll' because one or more of its dependencies could not be loaded.
Preloading 2 native plugins for Editor in 6.02 ms.
Initialize engine version: 2021.3.22f1 (b6c551784ba3)
[Subsystems] Discovering subsystems at path D:/RISHU/Unity/2021.3.22f1/Editor/Data/Resources/UnitySubsystems
[Subsystems] Discovering subsystems at path D:/RISHU/bizzAR/animesh/Assets
GfxDevice: creating device client; threaded=0; jobified=0
d3d11: CreateDXGIFactory2(...) not found, fallbacking to CreateDXGIFactory1(...).
d3d11: QueryInterface(IDXGIFactory5) failed (80004002).
Direct3D:
    Version:  Direct3D 11.0 [level 11.0]
    Renderer: Intel(R) HD Graphics 4000 (ID=0x166)
    Vendor:   Intel
    VRAM:     1632 MB
    Driver:   10.18.10.3431
Initialize mono
Mono path[0] = 'D:/RISHU/Unity/2021.3.22f1/Editor/Data/Managed'
Mono path[1] = 'D:/RISHU/Unity/2021.3.22f1/Editor/Data/MonoBleedingEdge/lib/mono/unityjit-win32'
Mono config path = 'D:/RISHU/Unity/2021.3.22f1/Editor/Data/MonoBleedingEdge/etc'
Using monoOptions --debugger-agent=transport=dt_socket,embedding=1,server=y,suspend=n,address=127.0.0.1:56256
Begin MonoManager ReloadAssembly
Registering precompiled unity dll's ...
Register platform support module: D:/RISHU/Unity/2021.3.22f1/Editor/Data/PlaybackEngines/AndroidPlayer/UnityEditor.Android.Extensions.dll
Register platform support module: D:/RISHU/Unity/2021.3.22f1/Editor/Data/PlaybackEngines/WindowsStandaloneSupport/UnityEditor.WindowsStandalone.Extensions.dll
Registered in 0.007881 seconds.
Native extension for WindowsStandalone target not found
Native extension for Android target not found
Android Extension - Scanning For ADB Devices 1253 ms
Refreshing native plugins compatible for Editor in 227.21 ms, found 6 plugins.
Plugins: Failed to load 'D:/RISHU/bizzAR/animesh/Library/PackageCache/com.ptc.vuforia.engine@778cd30f6ecb/Vuforia/Plugins/Windows/x64/FileDriver.dll' because one or more of its dependencies could not be loaded.
Preloading 2 native plugins for Editor in 2.09 ms.
Mono: successfully reloaded assembly
- Completed reload, in  3.503 seconds
Domain Reload Profiling:
	ReloadAssembly (3504ms)
		BeginReloadAssembly (257ms)
			ExecutionOrderSort (0ms)
			DisableScriptedObjects (0ms)
			BackupInstance (0ms)
			ReleaseScriptingObjects (0ms)
			CreateAndSetChildDomain (2ms)
		EndReloadAssembly (2926ms)
			LoadAssemblies (253ms)
			RebuildTransferFunctionScriptingTraits (0ms)
			SetupTypeCache (406ms)
			ReleaseScriptCaches (0ms)
			RebuildScriptCaches (115ms)
			SetupLoadedEditorAssemblies (2223ms)
				LogAssemblyErrors (0ms)
				InitializePlatformSupportModulesInManaged (1493ms)
				SetLoadedEditorAssemblies (0ms)
				RefreshPlugins (229ms)
				BeforeProcessingInitializeOnLoad (3ms)
				ProcessInitializeOnLoadAttributes (337ms)
				ProcessInitializeOnLoadMethodAttributes (160ms)
				AfterProcessingInitializeOnLoad (0ms)
				EditorAssembliesLoaded (0ms)
			ExecutionOrderSort2 (0ms)
			AwakeInstancesAfterBackupRestoration (0ms)
Platform modules already initialized, skipping
Registering precompiled user dll's ...
Registered in 0.014083 seconds.
Begin MonoManager ReloadAssembly
Symbol file LoadedFromMemory doesn't match image D:\RISHU\bizzAR\animesh\Library\PackageCache\com.unity.visualscripting@1.8.0\Editor\VisualScripting.Core\Dependencies\YamlDotNet\Unity.VisualScripting.YamlDotNet.dll
Symbol file LoadedFromMemory doesn't match image D:\RISHU\bizzAR\animesh\Library\PackageCache\com.unity.visualscripting@1.8.0\Editor\VisualScripting.Core\Dependencies\DotNetZip\Unity.VisualScripting.IonicZip.dll
Native extension for WindowsStandalone target not found
Native extension for Android target not found
Refreshing native plugins compatible for Editor in 2.51 ms, found 6 plugins.
Plugins: Failed to load 'D:/RISHU/bizzAR/animesh/Library/PackageCache/com.ptc.vuforia.engine@778cd30f6ecb/Vuforia/Plugins/Windows/x64/FileDriver.dll' because one or more of its dependencies could not be loaded.
Preloading 2 native plugins for Editor in 2.02 ms.
Package Manager log level set to [2]
[Package Manager] Server::EnsureServerProcessIsRunning -- launch failed, reason: Unity was launched with the -noUpm command-line argument
[Package Manager] Cannot connect to Unity Package Manager local server
System.NullReferenceException: Object reference not set to an instance of an object
  at Vuforia.EditorClasses.ExtensionTypeProvider.GetVuforiaPackageAbsPath () [0x0004a] in <f342c3b6aeee4abea4485c0fb5d73e9d>:0 
  at Vuforia.EditorClasses.ExtensionTypeProvider.IsPackageManager () [0x00000] in <f342c3b6aeee4abea4485c0fb5d73e9d>:0 
  at Vuforia.EditorClasses.ExtensionTypeProvider.ResolvePluginType () [0x00009] in <f342c3b6aeee4abea4485c0fb5d73e9d>:0 
  at Vuforia.EditorClasses.ExtensionTypeProvider.GetPluginType () [0x0000c] in <f342c3b6aeee4abea4485c0fb5d73e9d>:0 
  at Vuforia.EditorClasses.VuforiaUtilities.IsVuforiaEnabledInPlayerSettings () [0x00000] in <f342c3b6aeee4abea4485c0fb5d73e9d>:0 
  at VuforiaEnabledObserver..cctor () [0x00000] in <f342c3b6aeee4abea4485c0fb5d73e9d>:0 
UnityEngine.StackTraceUtility:ExtractStackTrace ()
UnityEngine.DebugLogHandler:LogFormat (UnityEngine.LogType,UnityEngine.Object,string,object[])
UnityEngine.Logger:Log (UnityEngine.LogType,object)
UnityEngine.Debug:LogError (object)
UnityEditor.EditorAssemblies:ProcessInitializeOnLoadAttributes (System.Type[])

[Package Manager] Server::EnsureServerProcessIsRunning -- launch failed, reason: Unity was launched with the -noUpm command-line argument
[Package Manager] Cannot connect to Unity Package Manager local server
System.NullReferenceException: Object reference not set to an instance of an object
  at Vuforia.EditorClasses.ExtensionTypeProvider.GetVuforiaPackageAbsPath () [0x0004a] in <f342c3b6aeee4abea4485c0fb5d73e9d>:0 
  at Vuforia.EditorClasses.ExtensionTypeProvider.IsPackageManager () [0x00000] in <f342c3b6aeee4abea4485c0fb5d73e9d>:0 
  at Vuforia.EditorClasses.ExtensionTypeProvider.ResolvePluginType () [0x00009] in <f342c3b6aeee4abea4485c0fb5d73e9d>:0 
  at Vuforia.EditorClasses.ExtensionTypeProvider.GetPluginType () [0x0000c] in <f342c3b6aeee4abea4485c0fb5d73e9d>:0 
  at Vuforia.EditorClasses.VuforiaUtilities.IsVuforiaEnabledInPlayerSettings () [0x00000] in <f342c3b6aeee4abea4485c0fb5d73e9d>:0 
  at Vuforia.EditorClasses.InitializeOnLoadVuforiaTaskRunner..cctor () [0x00015] in <f342c3b6aeee4abea4485c0fb5d73e9d>:0 
UnityEngine.StackTraceUtility:ExtractStackTrace ()
UnityEngine.DebugLogHandler:LogFormat (UnityEngine.LogType,UnityEngine.Object,string,object[])
UnityEngine.Logger:Log (UnityEngine.LogType,object)
UnityEngine.Debug:LogError (object)
UnityEditor.EditorAssemblies:ProcessInitializeOnLoadAttributes (System.Type[])

Mono: successfully reloaded assembly
- Completed reload, in  5.131 seconds
Domain Reload Profiling:
	ReloadAssembly (5134ms)
		BeginReloadAssembly (277ms)
			ExecutionOrderSort (0ms)
			DisableScriptedObjects (17ms)
			BackupInstance (0ms)
			ReleaseScriptingObjects (0ms)
			CreateAndSetChildDomain (32ms)
		EndReloadAssembly (4340ms)
			LoadAssemblies (1442ms)
			RebuildTransferFunctionScriptingTraits (0ms)
			SetupTypeCache (769ms)
			ReleaseScriptCaches (1ms)
			RebuildScriptCaches (194ms)
			SetupLoadedEditorAssemblies (1785ms)
				LogAssemblyErrors (0ms)
				InitializePlatformSupportModulesInManaged (62ms)
				SetLoadedEditorAssemblies (1ms)
				RefreshPlugins (5ms)
				BeforeProcessingInitializeOnLoad (224ms)
				ProcessInitializeOnLoadAttributes (1414ms)
				ProcessInitializeOnLoadMethodAttributes (71ms)
				AfterProcessingInitializeOnLoad (7ms)
				EditorAssembliesLoaded (0ms)
			ExecutionOrderSort2 (0ms)
			AwakeInstancesAfterBackupRestoration (16ms)
Platform modules already initialized, skipping
========================================================================
Worker process is ready to serve import requests
Launched and connected shader compiler UnityShaderCompiler.exe after 0.22 seconds
Refreshing native plugins compatible for Editor in 1.47 ms, found 6 plugins.
Plugins: Failed to load 'D:/RISHU/bizzAR/animesh/Library/PackageCache/com.ptc.vuforia.engine@778cd30f6ecb/Vuforia/Plugins/Windows/x64/FileDriver.dll' because one or more of its dependencies could not be loaded.
Preloading 2 native plugins for Editor in 2.98 ms.
Unloading 3104 Unused Serialized files (Serialized files now loaded: 0)
Unloading 47 unused Assets / (124.3 KB). Loaded Objects now: 3866.
Memory consumption went from 114.3 MB to 114.2 MB.
Total: 6.416859 ms (FindLiveObjects: 0.417090 ms CreateObjectMapping: 0.383837 ms MarkObjects: 5.404924 ms  DeleteObjects: 0.208955 ms)

AssetImportParameters requested are different than current active one (requested -> active):
  custom:video-decoder-ogg-theora: a1e56fd34408186e4bbccfd4996cb3dc -> 
  custom:container-muxer-webm: aa71ff27fc2769a1b78a27578f13a17b -> 
  custom:container-demuxer-webm: 4f35f7cbe854078d1ac9338744f61a02 -> 
  custom:video-encoder-webm-vp8: eb34c28f22e8b96e1ab97ce403110664 -> 
  custom:audio-encoder-webm-vorbis: bf7c407c2cedff20999df2af8eb42d56 -> 
  custom:framework-win-MediaFoundation: 216162199b28c13a410421893ffa2e32 -> 
  custom:container-demuxer-ogg: 62fdf1f143b41e24485cea50d1cbac27 -> 
  custom:video-decoder-webm-vp8: 9c59270c3fd7afecdb556c50c9e8de78 -> 
  custom:audio-decoder-ogg-vorbis: bf7c407c2cedff20999df2af8eb42d56 -> 
========================================================================
Received Import Request.
  Time since last request: 1336.541148 seconds.
  path: Assets/6357965.png
  artifactKey: Guid(b4936816e0f31c14b9a3878fe63f77f0) Importer(815301076,1909f56bfc062723c751e8b465ee728b)
Start importing Assets/6357965.png using Guid(b4936816e0f31c14b9a3878fe63f77f0) Importer(815301076,1909f56bfc062723c751e8b465ee728b)  -> (artifact id: 'd5f4b373c54ecdeafd5ed956feff3963') in 0.687582 seconds 
========================================================================
Received Import Request.
  Time since last request: 1000.474969 seconds.
  path: Assets/WhatsApp Image 2023-08-19 at 11.28.04 PM.jpeg
  artifactKey: Guid(3bd7579b75090f04085a637011d8206c) Importer(815301076,1909f56bfc062723c751e8b465ee728b)
Start importing Assets/WhatsApp Image 2023-08-19 at 11.28.04 PM.jpeg using Guid(3bd7579b75090f04085a637011d8206c) Importer(815301076,1909f56bfc062723c751e8b465ee728b)  -> (artifact id: '40938892dc793eb90aefb44fb0910469') in 0.219780 seconds 
========================================================================
Received Import Request.
  Time since last request: 455.573801 seconds.
  path: Assets/WhatsApp Image 2023-08-19 at 11.28.04 PM.jpeg
  artifactKey: Guid(3bd7579b75090f04085a637011d8206c) Importer(815301076,1909f56bfc062723c751e8b465ee728b)
Start importing Assets/WhatsApp Image 2023-08-19 at 11.28.04 PM.jpeg using Guid(3bd7579b75090f04085a637011d8206c) Importer(815301076,1909f56bfc062723c751e8b465ee728b)  -> (artifact id: '768155c0ca2bf100d18f8cebf002d947') in 0.091293 seconds 
========================================================================
Received Import Request.
  Time since last request: 1884.033335 seconds.
  path: Assets/image_processing20200707-8859-10uqvrj.png
  artifactKey: Guid(e708cea3721f6cb49b19e702e7fe7286) Importer(815301076,1909f56bfc062723c751e8b465ee728b)
Start importing Assets/image_processing20200707-8859-10uqvrj.png using Guid(e708cea3721f6cb49b19e702e7fe7286) Importer(815301076,1909f56bfc062723c751e8b465ee728b)  -> (artifact id: '71d847209c182bb480632334e685c143') in 0.230844 seconds 
========================================================================
Received Import Request.
  Time since last request: 11.454092 seconds.
  path: Assets/image_processing20200707-8859-10uqvrj.png
  artifactKey: Guid(e708cea3721f6cb49b19e702e7fe7286) Importer(815301076,1909f56bfc062723c751e8b465ee728b)
Start importing Assets/image_processing20200707-8859-10uqvrj.png using Guid(e708cea3721f6cb49b19e702e7fe7286) Importer(815301076,1909f56bfc062723c751e8b465ee728b)  -> (artifact id: 'ceb53dbd9786fae5e4441e18e934aed5') in 0.427982 seconds 
========================================================================
Received Import Request.
  Time since last request: 267.117403 seconds.
  path: Assets/image_processing20200707-8859-10uqvrj-fotor-bg-remover-2023082785153.png
  artifactKey: Guid(ead45dd882eae5044873ec86ccf1d754) Importer(815301076,1909f56bfc062723c751e8b465ee728b)
Start importing Assets/image_processing20200707-8859-10uqvrj-fotor-bg-remover-2023082785153.png using Guid(ead45dd882eae5044873ec86ccf1d754) Importer(815301076,1909f56bfc062723c751e8b465ee728b)  -> (artifact id: '190f1bfda89978069af52c0791273c3a') in 0.436530 seconds 
========================================================================
Received Import Request.
  Time since last request: 14.557371 seconds.
  path: Assets/image_processing20200707-8859-10uqvrj-fotor-bg-remover-2023082785153.png
  artifactKey: Guid(ead45dd882eae5044873ec86ccf1d754) Importer(815301076,1909f56bfc062723c751e8b465ee728b)
Start importing Assets/image_processing20200707-8859-10uqvrj-fotor-bg-remover-2023082785153.png using Guid(ead45dd882eae5044873ec86ccf1d754) Importer(815301076,1909f56bfc062723c751e8b465ee728b)  -> (artifact id: 'f1c2335f90454415385942a689d48b9d') in 0.250758 seconds 
========================================================================
Received Import Request.
  Time since last request: 53.347717 seconds.
  path: Assets/image_processing20200707-8859-10uqvrj 1.png
  artifactKey: Guid(74a2ad5d415f8724990abcb7147c311a) Importer(815301076,1909f56bfc062723c751e8b465ee728b)
Start importing Assets/image_processing20200707-8859-10uqvrj 1.png using Guid(74a2ad5d415f8724990abcb7147c311a) Importer(815301076,1909f56bfc062723c751e8b465ee728b)  -> (artifact id: '16be448560d390555b4beb8ef11a8d00') in 0.162393 seconds 
========================================================================
Received Import Request.
  Time since last request: 12.004693 seconds.
  path: Assets/image_processing20200707-8859-10uqvrj 1.png
  artifactKey: Guid(74a2ad5d415f8724990abcb7147c311a) Importer(815301076,1909f56bfc062723c751e8b465ee728b)
Start importing Assets/image_processing20200707-8859-10uqvrj 1.png using Guid(74a2ad5d415f8724990abcb7147c311a) Importer(815301076,1909f56bfc062723c751e8b465ee728b)  -> (artifact id: 'f7546f62c2c8f5c5267104116371b494') in 0.216093 seconds 
========================================================================
Received Import Request.
  Time since last request: 2966.891709 seconds.
  path: Assets/Scenes/homepage.unity
  artifactKey: Guid(7ca7d03a3f6a52640a6579589093e8bc) Importer(815301076,1909f56bfc062723c751e8b465ee728b)
Start importing Assets/Scenes/homepage.unity using Guid(7ca7d03a3f6a52640a6579589093e8bc) Importer(815301076,1909f56bfc062723c751e8b465ee728b)  -> (artifact id: '6509b97086a51227de796f3d026b3f35') in 0.021800 seconds 
========================================================================
Received Import Request.
  Time since last request: 17.135275 seconds.
  path: Assets/SceneManager.prefab
  artifactKey: Guid(95ed53714668ce940841415151df10e5) Importer(815301076,1909f56bfc062723c751e8b465ee728b)
Start importing Assets/SceneManager.prefab using Guid(95ed53714668ce940841415151df10e5) Importer(815301076,1909f56bfc062723c751e8b465ee728b)  -> (artifact id: '913448764ecd4db9ecaa28c27adeee0f') in 7.060875 seconds 
========================================================================
Received Import Request.
  Time since last request: 1.343250 seconds.
  path: Assets/Scenes/get_started.unity
  artifactKey: Guid(3017e63182b647f4eb1eece61cc77eac) Importer(815301076,1909f56bfc062723c751e8b465ee728b)
Start importing Assets/Scenes/get_started.unity using Guid(3017e63182b647f4eb1eece61cc77eac) Importer(815301076,1909f56bfc062723c751e8b465ee728b)  -> (artifact id: 'd65d3b77077e526838bcc0f4c3b60678') in 0.033731 seconds 
========================================================================
Received Import Request.
  Time since last request: 55.804914 seconds.
  path: Assets/Scenes/homepage.unity
  artifactKey: Guid(7ca7d03a3f6a52640a6579589093e8bc) Importer(815301076,1909f56bfc062723c751e8b465ee728b)
Start importing Assets/Scenes/homepage.unity using Guid(7ca7d03a3f6a52640a6579589093e8bc) Importer(815301076,1909f56bfc062723c751e8b465ee728b)  -> (artifact id: '8d405a6aa864bc34b554f5cb82c6eea4') in 0.002335 seconds 
========================================================================
Received Prepare
Registering precompiled user dll's ...
Registered in 0.020349 seconds.
Begin MonoManager ReloadAssembly
Symbol file LoadedFromMemory doesn't match image D:\RISHU\bizzAR\animesh\Library\PackageCache\com.unity.visualscripting@1.8.0\Editor\VisualScripting.Core\Dependencies\YamlDotNet\Unity.VisualScripting.YamlDotNet.dll
Symbol file LoadedFromMemory doesn't match image D:\RISHU\bizzAR\animesh\Library\PackageCache\com.unity.visualscripting@1.8.0\Editor\VisualScripting.Core\Dependencies\DotNetZip\Unity.VisualScripting.IonicZip.dll
Native extension for WindowsStandalone target not found
Native extension for Android target not found
Refreshing native plugins compatible for Editor in 1.10 ms, found 6 plugins.
Plugins: Failed to load 'D:/RISHU/bizzAR/animesh/Library/PackageCache/com.ptc.vuforia.engine@778cd30f6ecb/Vuforia/Plugins/Windows/x64/FileDriver.dll' because one or more of its dependencies could not be loaded.
Preloading 2 native plugins for Editor in 19.89 ms.
[Package Manager] Server::EnsureServerProcessIsRunning -- launch failed, reason: Unity was launched with the -noUpm command-line argument
[Package Manager] Cannot connect to Unity Package Manager local server
System.NullReferenceException: Object reference not set to an instance of an object
  at Vuforia.EditorClasses.ExtensionTypeProvider.GetVuforiaPackageAbsPath () [0x0004a] in <f342c3b6aeee4abea4485c0fb5d73e9d>:0 
  at Vuforia.EditorClasses.ExtensionTypeProvider.IsPackageManager () [0x00000] in <f342c3b6aeee4abea4485c0fb5d73e9d>:0 
  at Vuforia.EditorClasses.ExtensionTypeProvider.ResolvePluginType () [0x00009] in <f342c3b6aeee4abea4485c0fb5d73e9d>:0 
  at Vuforia.EditorClasses.ExtensionTypeProvider.GetPluginType () [0x0000c] in <f342c3b6aeee4abea4485c0fb5d73e9d>:0 
  at Vuforia.EditorClasses.VuforiaUtilities.IsVuforiaEnabledInPlayerSettings () [0x00000] in <f342c3b6aeee4abea4485c0fb5d73e9d>:0 
  at VuforiaEnabledObserver..cctor () [0x00000] in <f342c3b6aeee4abea4485c0fb5d73e9d>:0 
UnityEngine.StackTraceUtility:ExtractStackTrace ()
UnityEngine.DebugLogHandler:LogFormat (UnityEngine.LogType,UnityEngine.Object,string,object[])
UnityEngine.Logger:Log (UnityEngine.LogType,object)
UnityEngine.Debug:LogError (object)
UnityEditor.EditorAssemblies:ProcessInitializeOnLoadAttributes (System.Type[])

[Package Manager] Server::EnsureServerProcessIsRunning -- launch failed, reason: Unity was launched with the -noUpm command-line argument
[Package Manager] Cannot connect to Unity Package Manager local server
System.NullReferenceException: Object reference not set to an instance of an object
  at Vuforia.EditorClasses.ExtensionTypeProvider.GetVuforiaPackageAbsPath () [0x0004a] in <f342c3b6aeee4abea4485c0fb5d73e9d>:0 
  at Vuforia.EditorClasses.ExtensionTypeProvider.IsPackageManager () [0x00000] in <f342c3b6aeee4abea4485c0fb5d73e9d>:0 
  at Vuforia.EditorClasses.ExtensionTypeProvider.ResolvePluginType () [0x00009] in <f342c3b6aeee4abea4485c0fb5d73e9d>:0 
  at Vuforia.EditorClasses.ExtensionTypeProvider.GetPluginType () [0x0000c] in <f342c3b6aeee4abea4485c0fb5d73e9d>:0 
  at Vuforia.EditorClasses.VuforiaUtilities.IsVuforiaEnabledInPlayerSettings () [0x00000] in <f342c3b6aeee4abea4485c0fb5d73e9d>:0 
  at Vuforia.EditorClasses.InitializeOnLoadVuforiaTaskRunner..cctor () [0x00015] in <f342c3b6aeee4abea4485c0fb5d73e9d>:0 
UnityEngine.StackTraceUtility:ExtractStackTrace ()
UnityEngine.DebugLogHandler:LogFormat (UnityEngine.LogType,UnityEngine.Object,string,object[])
UnityEngine.Logger:Log (UnityEngine.LogType,object)
UnityEngine.Debug:LogError (object)
UnityEditor.EditorAssemblies:ProcessInitializeOnLoadAttributes (System.Type[])

Mono: successfully reloaded assembly
- Completed reload, in 15.471 seconds
Domain Reload Profiling:
	ReloadAssembly (15490ms)
		BeginReloadAssembly (10501ms)
			ExecutionOrderSort (4ms)
			DisableScriptedObjects (358ms)
			BackupInstance (0ms)
			ReleaseScriptingObjects (0ms)
			CreateAndSetChildDomain (6258ms)
		EndReloadAssembly (4525ms)
			LoadAssemblies (795ms)
			RebuildTransferFunctionScriptingTraits (40ms)
			SetupTypeCache (1703ms)
			ReleaseScriptCaches (3ms)
			RebuildScriptCaches (203ms)
			SetupLoadedEditorAssemblies (2023ms)
				LogAssemblyErrors (0ms)
				InitializePlatformSupportModulesInManaged (92ms)
				SetLoadedEditorAssemblies (2ms)
				RefreshPlugins (21ms)
				BeforeProcessingInitializeOnLoad (177ms)
				ProcessInitializeOnLoadAttributes (1619ms)
				ProcessInitializeOnLoadMethodAttributes (106ms)
				AfterProcessingInitializeOnLoad (5ms)
				EditorAssembliesLoaded (0ms)
			ExecutionOrderSort2 (0ms)
			AwakeInstancesAfterBackupRestoration (15ms)
Platform modules already initialized, skipping
Refreshing native plugins compatible for Editor in 33.01 ms, found 6 plugins.
Plugins: Failed to load 'D:/RISHU/bizzAR/animesh/Library/PackageCache/com.ptc.vuforia.engine@778cd30f6ecb/Vuforia/Plugins/Windows/x64/FileDriver.dll' because one or more of its dependencies could not be loaded.
Preloading 2 native plugins for Editor in 11.82 ms.
Unloading 3084 Unused Serialized files (Serialized files now loaded: 0)
Unloading 40 unused Assets / (90.8 KB). Loaded Objects now: 3889.
Memory consumption went from 117.0 MB to 116.9 MB.
Total: 85.135967 ms (FindLiveObjects: 1.043956 ms CreateObjectMapping: 0.347301 ms MarkObjects: 68.821438 ms  DeleteObjects: 14.916703 ms)

AssetImportParameters requested are different than current active one (requested -> active):
  custom:video-decoder-ogg-theora: a1e56fd34408186e4bbccfd4996cb3dc -> 
  custom:container-muxer-webm: aa71ff27fc2769a1b78a27578f13a17b -> 
  custom:container-demuxer-webm: 4f35f7cbe854078d1ac9338744f61a02 -> 
  custom:video-encoder-webm-vp8: eb34c28f22e8b96e1ab97ce403110664 -> 
  custom:audio-encoder-webm-vorbis: bf7c407c2cedff20999df2af8eb42d56 -> 
  custom:framework-win-MediaFoundation: 216162199b28c13a410421893ffa2e32 -> 
  custom:container-demuxer-ogg: 62fdf1f143b41e24485cea50d1cbac27 -> 
  custom:video-decoder-webm-vp8: 9c59270c3fd7afecdb556c50c9e8de78 -> 
  custom:audio-decoder-ogg-vorbis: bf7c407c2cedff20999df2af8eb42d56 -> 
========================================================================
Received Prepare
Registering precompiled user dll's ...
Registered in 0.007643 seconds.
Begin MonoManager ReloadAssembly
Symbol file LoadedFromMemory doesn't match image D:\RISHU\bizzAR\animesh\Library\PackageCache\com.unity.visualscripting@1.8.0\Editor\VisualScripting.Core\Dependencies\YamlDotNet\Unity.VisualScripting.YamlDotNet.dll
Symbol file LoadedFromMemory doesn't match image D:\RISHU\bizzAR\animesh\Library\PackageCache\com.unity.visualscripting@1.8.0\Editor\VisualScripting.Core\Dependencies\DotNetZip\Unity.VisualScripting.IonicZip.dll
Native extension for WindowsStandalone target not found
Native extension for Android target not found
Refreshing native plugins compatible for Editor in 1.59 ms, found 6 plugins.
Plugins: Failed to load 'D:/RISHU/bizzAR/animesh/Library/PackageCache/com.ptc.vuforia.engine@778cd30f6ecb/Vuforia/Plugins/Windows/x64/FileDriver.dll' because one or more of its dependencies could not be loaded.
Preloading 2 native plugins for Editor in 4.06 ms.
[Package Manager] Server::EnsureServerProcessIsRunning -- launch failed, reason: Unity was launched with the -noUpm command-line argument
[Package Manager] Cannot connect to Unity Package Manager local server
System.NullReferenceException: Object reference not set to an instance of an object
  at Vuforia.EditorClasses.ExtensionTypeProvider.GetVuforiaPackageAbsPath () [0x0004a] in <f342c3b6aeee4abea4485c0fb5d73e9d>:0 
  at Vuforia.EditorClasses.ExtensionTypeProvider.IsPackageManager () [0x00000] in <f342c3b6aeee4abea4485c0fb5d73e9d>:0 
  at Vuforia.EditorClasses.ExtensionTypeProvider.ResolvePluginType () [0x00009] in <f342c3b6aeee4abea4485c0fb5d73e9d>:0 
  at Vuforia.EditorClasses.ExtensionTypeProvider.GetPluginType () [0x0000c] in <f342c3b6aeee4abea4485c0fb5d73e9d>:0 
  at Vuforia.EditorClasses.VuforiaUtilities.IsVuforiaEnabledInPlayerSettings () [0x00000] in <f342c3b6aeee4abea4485c0fb5d73e9d>:0 
  at VuforiaEnabledObserver..cctor () [0x00000] in <f342c3b6aeee4abea4485c0fb5d73e9d>:0 
UnityEngine.StackTraceUtility:ExtractStackTrace ()
UnityEngine.DebugLogHandler:LogFormat (UnityEngine.LogType,UnityEngine.Object,string,object[])
UnityEngine.Logger:Log (UnityEngine.LogType,object)
UnityEngine.Debug:LogError (object)
UnityEditor.EditorAssemblies:ProcessInitializeOnLoadAttributes (System.Type[])

[Package Manager] Server::EnsureServerProcessIsRunning -- launch failed, reason: Unity was launched with the -noUpm command-line argument
[Package Manager] Cannot connect to Unity Package Manager local server
System.NullReferenceException: Object reference not set to an instance of an object
  at Vuforia.EditorClasses.ExtensionTypeProvider.GetVuforiaPackageAbsPath () [0x0004a] in <f342c3b6aeee4abea4485c0fb5d73e9d>:0 
  at Vuforia.EditorClasses.ExtensionTypeProvider.IsPackageManager () [0x00000] in <f342c3b6aeee4abea4485c0fb5d73e9d>:0 
  at Vuforia.EditorClasses.ExtensionTypeProvider.ResolvePluginType () [0x00009] in <f342c3b6aeee4abea4485c0fb5d73e9d>:0 
  at Vuforia.EditorClasses.ExtensionTypeProvider.GetPluginType () [0x0000c] in <f342c3b6aeee4abea4485c0fb5d73e9d>:0 
  at Vuforia.EditorClasses.VuforiaUtilities.IsVuforiaEnabledInPlayerSettings () [0x00000] in <f342c3b6aeee4abea4485c0fb5d73e9d>:0 
  at Vuforia.EditorClasses.InitializeOnLoadVuforiaTaskRunner..cctor () [0x00015] in <f342c3b6aeee4abea4485c0fb5d73e9d>:0 
UnityEngine.StackTraceUtility:ExtractStackTrace ()
UnityEngine.DebugLogHandler:LogFormat (UnityEngine.LogType,UnityEngine.Object,string,object[])
UnityEngine.Logger:Log (UnityEngine.LogType,object)
UnityEngine.Debug:LogError (object)
UnityEditor.EditorAssemblies:ProcessInitializeOnLoadAttributes (System.Type[])

Mono: successfully reloaded assembly
- Completed reload, in  3.508 seconds
Domain Reload Profiling:
	ReloadAssembly (3510ms)
		BeginReloadAssembly (257ms)
			ExecutionOrderSort (0ms)
			DisableScriptedObjects (14ms)
			BackupInstance (0ms)
			ReleaseScriptingObjects (0ms)
			CreateAndSetChildDomain (54ms)
		EndReloadAssembly (3041ms)
			LoadAssemblies (183ms)
			RebuildTransferFunctionScriptingTraits (0ms)
			SetupTypeCache (897ms)
			ReleaseScriptCaches (4ms)
			RebuildScriptCaches (142ms)
			SetupLoadedEditorAssemblies (1572ms)
				LogAssemblyErrors (0ms)
				InitializePlatformSupportModulesInManaged (60ms)
				SetLoadedEditorAssemblies (1ms)
				RefreshPlugins (6ms)
				BeforeProcessingInitializeOnLoad (170ms)
				ProcessInitializeOnLoadAttributes (1252ms)
				ProcessInitializeOnLoadMethodAttributes (72ms)
				AfterProcessingInitializeOnLoad (9ms)
				EditorAssembliesLoaded (1ms)
			ExecutionOrderSort2 (0ms)
			AwakeInstancesAfterBackupRestoration (23ms)
Platform modules already initialized, skipping
Refreshing native plugins compatible for Editor in 14.76 ms, found 6 plugins.
Plugins: Failed to load 'D:/RISHU/bizzAR/animesh/Library/PackageCache/com.ptc.vuforia.engine@778cd30f6ecb/Vuforia/Plugins/Windows/x64/FileDriver.dll' because one or more of its dependencies could not be loaded.
Preloading 2 native plugins for Editor in 3.41 ms.
Unloading 3084 Unused Serialized files (Serialized files now loaded: 0)
Unloading 40 unused Assets / (90.8 KB). Loaded Objects now: 3892.
Memory consumption went from 117.0 MB to 116.9 MB.
Total: 10.131256 ms (FindLiveObjects: 2.010323 ms CreateObjectMapping: 0.932704 ms MarkObjects: 6.960389 ms  DeleteObjects: 0.221271 ms)

AssetImportParameters requested are different than current active one (requested -> active):
  custom:video-decoder-ogg-theora: a1e56fd34408186e4bbccfd4996cb3dc -> 
  custom:container-muxer-webm: aa71ff27fc2769a1b78a27578f13a17b -> 
  custom:container-demuxer-webm: 4f35f7cbe854078d1ac9338744f61a02 -> 
  custom:video-encoder-webm-vp8: eb34c28f22e8b96e1ab97ce403110664 -> 
  custom:audio-encoder-webm-vorbis: bf7c407c2cedff20999df2af8eb42d56 -> 
  custom:framework-win-MediaFoundation: 216162199b28c13a410421893ffa2e32 -> 
  custom:container-demuxer-ogg: 62fdf1f143b41e24485cea50d1cbac27 -> 
  custom:video-decoder-webm-vp8: 9c59270c3fd7afecdb556c50c9e8de78 -> 
  custom:audio-decoder-ogg-vorbis: bf7c407c2cedff20999df2af8eb42d56 -> 
========================================================================
Received Prepare
Registering precompiled user dll's ...
Registered in 0.013235 seconds.
Begin MonoManager ReloadAssembly
Symbol file LoadedFromMemory doesn't match image D:\RISHU\bizzAR\animesh\Library\PackageCache\com.unity.visualscripting@1.8.0\Editor\VisualScripting.Core\Dependencies\YamlDotNet\Unity.VisualScripting.YamlDotNet.dll
Symbol file LoadedFromMemory doesn't match image D:\RISHU\bizzAR\animesh\Library\PackageCache\com.unity.visualscripting@1.8.0\Editor\VisualScripting.Core\Dependencies\DotNetZip\Unity.VisualScripting.IonicZip.dll
Native extension for WindowsStandalone target not found
Native extension for Android target not found
Refreshing native plugins compatible for Editor in 1.49 ms, found 6 plugins.
Plugins: Failed to load 'D:/RISHU/bizzAR/animesh/Library/PackageCache/com.ptc.vuforia.engine@778cd30f6ecb/Vuforia/Plugins/Windows/x64/FileDriver.dll' because one or more of its dependencies could not be loaded.
Preloading 2 native plugins for Editor in 3.71 ms.
[Package Manager] Server::EnsureServerProcessIsRunning -- launch failed, reason: Unity was launched with the -noUpm command-line argument
[Package Manager] Cannot connect to Unity Package Manager local server
System.NullReferenceException: Object reference not set to an instance of an object
  at Vuforia.EditorClasses.ExtensionTypeProvider.GetVuforiaPackageAbsPath () [0x0004a] in <f342c3b6aeee4abea4485c0fb5d73e9d>:0 
  at Vuforia.EditorClasses.ExtensionTypeProvider.IsPackageManager () [0x00000] in <f342c3b6aeee4abea4485c0fb5d73e9d>:0 
  at Vuforia.EditorClasses.ExtensionTypeProvider.ResolvePluginType () [0x00009] in <f342c3b6aeee4abea4485c0fb5d73e9d>:0 
  at Vuforia.EditorClasses.ExtensionTypeProvider.GetPluginType () [0x0000c] in <f342c3b6aeee4abea4485c0fb5d73e9d>:0 
  at Vuforia.EditorClasses.VuforiaUtilities.IsVuforiaEnabledInPlayerSettings () [0x00000] in <f342c3b6aeee4abea4485c0fb5d73e9d>:0 
  at VuforiaEnabledObserver..cctor () [0x00000] in <f342c3b6aeee4abea4485c0fb5d73e9d>:0 
UnityEngine.StackTraceUtility:ExtractStackTrace ()
UnityEngine.DebugLogHandler:LogFormat (UnityEngine.LogType,UnityEngine.Object,string,object[])
UnityEngine.Logger:Log (UnityEngine.LogType,object)
UnityEngine.Debug:LogError (object)
UnityEditor.EditorAssemblies:ProcessInitializeOnLoadAttributes (System.Type[])

[Package Manager] Server::EnsureServerProcessIsRunning -- launch failed, reason: Unity was launched with the -noUpm command-line argument
[Package Manager] Cannot connect to Unity Package Manager local server
System.NullReferenceException: Object reference not set to an instance of an object
  at Vuforia.EditorClasses.ExtensionTypeProvider.GetVuforiaPackageAbsPath () [0x0004a] in <f342c3b6aeee4abea4485c0fb5d73e9d>:0 
  at Vuforia.EditorClasses.ExtensionTypeProvider.IsPackageManager () [0x00000] in <f342c3b6aeee4abea4485c0fb5d73e9d>:0 
  at Vuforia.EditorClasses.ExtensionTypeProvider.ResolvePluginType () [0x00009] in <f342c3b6aeee4abea4485c0fb5d73e9d>:0 
  at Vuforia.EditorClasses.ExtensionTypeProvider.GetPluginType () [0x0000c] in <f342c3b6aeee4abea4485c0fb5d73e9d>:0 
  at Vuforia.EditorClasses.VuforiaUtilities.IsVuforiaEnabledInPlayerSettings () [0x00000] in <f342c3b6aeee4abea4485c0fb5d73e9d>:0 
  at Vuforia.EditorClasses.InitializeOnLoadVuforiaTaskRunner..cctor () [0x00015] in <f342c3b6aeee4abea4485c0fb5d73e9d>:0 
UnityEngine.StackTraceUtility:ExtractStackTrace ()
UnityEngine.DebugLogHandler:LogFormat (UnityEngine.LogType,UnityEngine.Object,string,object[])
UnityEngine.Logger:Log (UnityEngine.LogType,object)
UnityEngine.Debug:LogError (object)
UnityEditor.EditorAssemblies:ProcessInitializeOnLoadAttributes (System.Type[])

Mono: successfully reloaded assembly
- Completed reload, in  4.272 seconds
Domain Reload Profiling:
	ReloadAssembly (4275ms)
		BeginReloadAssembly (418ms)
			ExecutionOrderSort (0ms)
			DisableScriptedObjects (20ms)
			BackupInstance (0ms)
			ReleaseScriptingObjects (0ms)
			CreateAndSetChildDomain (105ms)
		EndReloadAssembly (3543ms)
			LoadAssemblies (267ms)
			RebuildTransferFunctionScriptingTraits (0ms)
			SetupTypeCache (999ms)
			ReleaseScriptCaches (4ms)
			RebuildScriptCaches (197ms)
			SetupLoadedEditorAssemblies (1858ms)
				LogAssemblyErrors (0ms)
				InitializePlatformSupportModulesInManaged (74ms)
				SetLoadedEditorAssemblies (3ms)
				RefreshPlugins (6ms)
				BeforeProcessingInitializeOnLoad (237ms)
				ProcessInitializeOnLoadAttributes (1431ms)
				ProcessInitializeOnLoadMethodAttributes (101ms)
				AfterProcessingInitializeOnLoad (7ms)
				EditorAssembliesLoaded (0ms)
			ExecutionOrderSort2 (0ms)
			AwakeInstancesAfterBackupRestoration (23ms)
Platform modules already initialized, skipping
Refreshing native plugins compatible for Editor in 11.33 ms, found 6 plugins.
Plugins: Failed to load 'D:/RISHU/bizzAR/animesh/Library/PackageCache/com.ptc.vuforia.engine@778cd30f6ecb/Vuforia/Plugins/Windows/x64/FileDriver.dll' because one or more of its dependencies could not be loaded.
Preloading 2 native plugins for Editor in 4.62 ms.
Unloading 3084 Unused Serialized files (Serialized files now loaded: 0)
Unloading 40 unused Assets / (91.0 KB). Loaded Objects now: 3895.
Memory consumption went from 117.0 MB to 116.9 MB.
Total: 6.781812 ms (FindLiveObjects: 0.460194 ms CreateObjectMapping: 0.226608 ms MarkObjects: 5.812161 ms  DeleteObjects: 0.279565 ms)

AssetImportParameters requested are different than current active one (requested -> active):
  custom:video-decoder-ogg-theora: a1e56fd34408186e4bbccfd4996cb3dc -> 
  custom:container-muxer-webm: aa71ff27fc2769a1b78a27578f13a17b -> 
  custom:container-demuxer-webm: 4f35f7cbe854078d1ac9338744f61a02 -> 
  custom:video-encoder-webm-vp8: eb34c28f22e8b96e1ab97ce403110664 -> 
  custom:audio-encoder-webm-vorbis: bf7c407c2cedff20999df2af8eb42d56 -> 
  custom:framework-win-MediaFoundation: 216162199b28c13a410421893ffa2e32 -> 
  custom:container-demuxer-ogg: 62fdf1f143b41e24485cea50d1cbac27 -> 
  custom:video-decoder-webm-vp8: 9c59270c3fd7afecdb556c50c9e8de78 -> 
  custom:audio-decoder-ogg-vorbis: bf7c407c2cedff20999df2af8eb42d56 -> 
========================================================================
Received Import Request.
  Time since last request: 1112.023732 seconds.
  path: Assets/Scenes/get_started.unity
  artifactKey: Guid(3017e63182b647f4eb1eece61cc77eac) Importer(815301076,1909f56bfc062723c751e8b465ee728b)
Start importing Assets/Scenes/get_started.unity using Guid(3017e63182b647f4eb1eece61cc77eac) Importer(815301076,1909f56bfc062723c751e8b465ee728b)  -> (artifact id: 'cf9df2801770ae1ea53182a9e271276e') in 0.016639 seconds 
